<?xml version="1.0" encoding="UTF-8"?>
<!-- Generated by org.testng.reporters.JUnitReportReporter -->
<testsuite hostname="5CG21213N1" failures="0" tests="1" name="PostResquestTest.ValidationPostRequestTest" time="0.316" errors="0" timestamp="2022-12-26T23:55:03 GMT" skipped="0">
  <testcase classname="PostResquestTest.ValidationPostRequestTest" name="PostRequestTest" time="0.316"/>
  <system-out/>
</testsuite> <!-- PostResquestTest.ValidationPostRequestTest -->
